>>Host: localhost,	Direccion IP: 127.0.0.1,	Puerto: 59868,	Protocolo: UDP,	A las: Thu Jan  1 01:00:00 1970

Objeto solicitado: www/index.html -> Todo correcto

Conexion cerrada


>>Host: localhost,	Direccion IP: 127.0.0.1,	Puerto: 53625,	Protocolo: UDP,	A las: Thu Jan  1 01:00:00 1970

Objeto solicitado: www/index.html -> Error: 501: Not implemented

Conexion cerrada


>>Host: localhost,	Direccion IP: 127.0.0.1,	Puerto: 37221,	Protocolo: UDP,	A las: Thu Jan  1 01:00:00 1970

Objeto solicitado: www/index.html -> Todo correcto

Conexion cerrada


>>Host: localhost,	Direccion IP: 127.0.0.1,	Puerto: 59868,	Protocolo: UDP,	A las: Thu Jan  1 01:00:00 1970

Objeto solicitado: www/docencia.html -> Error: 404: Not found

Conexion cerrada


>>Host: localhost,	Direccion IP: 127.0.0.1,	Puerto: 53625,	Protocolo: UDP,	A las: Thu Jan  1 01:00:00 1970

Objeto solicitado: www/index.html -> Todo correcto

Conexion cerrada


>>Host: localhost,	Direccion IP: 127.0.0.1,	Puerto: 37221,	Protocolo: UDP,	A las: Thu Jan  1 01:00:00 1970

Objeto solicitado: www/docencia.html -> Error: 501: Not implemented

Conexion cerrada


>>Host: localhost,	Direccion IP: 127.0.0.1,	Puerto: 59868,	Protocolo: UDP,	A las: Thu Jan  1 01:00:00 1970

Objeto solicitado: www/ejemplo.html -> Error: 404: Not found

Conexion cerrada


>>Host: localhost,	Direccion IP: 127.0.0.1,	Puerto: 53625,	Protocolo: UDP,	A las: Thu Jan  1 01:00:00 1970

Objeto solicitado: www/docencia.html -> Error: 404: Not found

Conexion cerrada


>>Host: localhost,	Direccion IP: 127.0.0.1,	Puerto: 37221,	Protocolo: UDP,	A las: Thu Jan  1 01:00:00 1970

Objeto solicitado: www/ejemplo1.html -> Error: 404: Not found

Conexion cerrada


>>Host: localhost,	Direccion IP: 127.0.0.1,	Puerto: 59868,	Protocolo: UDP,	A las: Thu Jan  1 01:00:00 1970

Objeto solicitado: www/index.h -> Error: 501: Not implemented

Conexion cerrada


>>Host: localhost,	Direccion IP: 127.0.0.1,	Puerto: 53625,	Protocolo: UDP,	A las: Thu Jan  1 01:00:00 1970

Objeto solicitado: www/ejemplo1.html -> Error: 404: Not found

Conexion cerrada


>>Host: localhost,	Direccion IP: 127.0.0.1,	Puerto: 37221,	Protocolo: UDP,	A las: Thu Jan  1 01:00:00 1970

Objeto solicitado: www/ejemplo2.html -> Error: 501: Not implemented

Conexion cerrada


>>Host: localhost,	Direccion IP: 127.0.0.1,	Puerto: 59868,	Protocolo: UDP,	A las: Thu Jan  1 01:00:00 1970

Objeto solicitado: www/1.1 -> Error: 501: Not implemented

Conexion cerrada


>>Host: localhost,	Direccion IP: 127.0.0.1,	Puerto: 53625,	Protocolo: UDP,	A las: Thu Jan  1 01:00:00 1970

Objeto solicitado: www/ejemplo2.html -> Error: 404: Not found

Conexion cerrada


>>Host: localhost,	Direccion IP: 127.0.0.1,	Puerto: 37221,	Protocolo: UDP,	A las: Thu Jan  1 01:00:00 1970

Objeto solicitado: www/ejemplo3.html -> Error: 404: Not found

Conexion cerrada


>>Host: localhost,	Direccion IP: 127.0.0.1,	Puerto: 53625,	Protocolo: UDP,	A las: Thu Jan  1 01:00:00 1970

Objeto solicitado: www/ejemplo3.html -> Error: 404: Not found

Conexion cerrada


>>Host: localhost,	Direccion IP: 127.0.0.1,	Puerto: 40306,	Protocolo: TCP,	A las: Wed Dec  5 20:59:20 2018

Objeto solicitado: www/index.html -> Todo correcto
Objeto solicitado: www/docencia.html -> Error: 404: Not found
Objeto solicitado: www/ejemplo.html -> Error: 404: Not found
Objeto solicitado: www/index.h -> Error: 501: Not implemented
Objeto solicitado: www/1.1 -> Error: 501: Not implemented
Conexion cerrada...

>>Host: localhost,	Direccion IP: 127.0.0.1,	Puerto: 37221,	Protocolo: UDP,	A las: Thu Jan  1 01:00:00 1970

Objeto solicitado: www/ejemplo4.html -> Error: 404: Not found

Conexion cerrada


>>Host: localhost,	Direccion IP: 127.0.0.1,	Puerto: 53625,	Protocolo: UDP,	A las: Thu Jan  1 01:00:00 1970

Objeto solicitado: www/ejemplo4.html -> Error: 404: Not found

Conexion cerrada


>>Host: localhost,	Direccion IP: 127.0.0.1,	Puerto: 37221,	Protocolo: UDP,	A las: Thu Jan  1 01:00:00 1970

Objeto solicitado: www/1.1 -> Error: 501: Not implemented

Conexion cerrada


>>Host: localhost,	Direccion IP: 127.0.0.1,	Puerto: 40302,	Protocolo: TCP,	A las: Wed Dec  5 20:59:20 2018

Objeto solicitado: www/index.html -> Todo correcto
Objeto solicitado: www/docencia.html -> Error: 501: Not implemented
Objeto solicitado: www/ejemplo1.html -> Error: 404: Not found
Objeto solicitado: www/ejemplo2.html -> Error: 501: Not implemented
Objeto solicitado: www/ejemplo3.html -> Error: 404: Not found
Objeto solicitado: www/ejemplo4.html -> Error: 404: Not found
Objeto solicitado: www/1.1 -> Error: 501: Not implemented
Conexion cerrada...

>>Host: localhost,	Direccion IP: 127.0.0.1,	Puerto: 40304,	Protocolo: TCP,	A las: Wed Dec  5 20:59:20 2018

Objeto solicitado: www/index.html -> Error: 501: Not implemented
Objeto solicitado: www/index.html -> Todo correcto
Objeto solicitado: www/docencia.html -> Error: 404: Not found
Objeto solicitado: www/ejemplo1.html -> Error: 404: Not found
Objeto solicitado: www/ejemplo2.html -> Error: 404: Not found
Objeto solicitado: www/ejemplo3.html -> Error: 404: Not found
Objeto solicitado: www/ejemplo4.html -> Error: 404: Not found
Conexion cerrada...

>>Host: localhost,	Direccion IP: 127.0.0.1,	Puerto: 37395,	Protocolo: UDP,	A las: Thu Jan  1 01:00:00 1970

Objeto solicitado: www/index.html -> Error: 501: Not implemented

Conexion cerrada


>>Host: localhost,	Direccion IP: 127.0.0.1,	Puerto: 36607,	Protocolo: UDP,	A las: Thu Jan  1 01:00:00 1970

Objeto solicitado: www/index.html -> Todo correcto

Conexion cerrada


>>Host: localhost,	Direccion IP: 127.0.0.1,	Puerto: 57574,	Protocolo: UDP,	A las: Thu Jan  1 01:00:00 1970

Objeto solicitado: www/index.html -> Todo correcto

Conexion cerrada


>>Host: localhost,	Direccion IP: 127.0.0.1,	Puerto: 36607,	Protocolo: UDP,	A las: Thu Jan  1 01:00:00 1970

Objeto solicitado: www/docencia.html -> Error: 501: Not implemented

Conexion cerrada


>>Host: localhost,	Direccion IP: 127.0.0.1,	Puerto: 37395,	Protocolo: UDP,	A las: Thu Jan  1 01:00:00 1970

Objeto solicitado: www/index.html -> Todo correcto

Conexion cerrada


>>Host: localhost,	Direccion IP: 127.0.0.1,	Puerto: 57574,	Protocolo: UDP,	A las: Thu Jan  1 01:00:00 1970

Objeto solicitado: www/docencia.html -> Error: 404: Not found

Conexion cerrada


>>Host: localhost,	Direccion IP: 127.0.0.1,	Puerto: 37395,	Protocolo: UDP,	A las: Thu Jan  1 01:00:00 1970

Objeto solicitado: www/docencia.html -> Error: 404: Not found

Conexion cerrada


>>Host: localhost,	Direccion IP: 127.0.0.1,	Puerto: 36607,	Protocolo: UDP,	A las: Thu Jan  1 01:00:00 1970

Objeto solicitado: www/ejemplo1.html -> Error: 404: Not found

Conexion cerrada


>>Host: localhost,	Direccion IP: 127.0.0.1,	Puerto: 57574,	Protocolo: UDP,	A las: Thu Jan  1 01:00:00 1970

Objeto solicitado: www/ejemplo.html -> Error: 404: Not found

Conexion cerrada


>>Host: localhost,	Direccion IP: 127.0.0.1,	Puerto: 37395,	Protocolo: UDP,	A las: Thu Jan  1 01:00:00 1970

Objeto solicitado: www/ejemplo1.html -> Error: 404: Not found

Conexion cerrada


>>Host: localhost,	Direccion IP: 127.0.0.1,	Puerto: 36607,	Protocolo: UDP,	A las: Thu Jan  1 01:00:00 1970

Objeto solicitado: www/ejemplo2.html -> Error: 501: Not implemented

Conexion cerrada


>>Host: localhost,	Direccion IP: 127.0.0.1,	Puerto: 57574,	Protocolo: UDP,	A las: Thu Jan  1 01:00:00 1970

Objeto solicitado: www/index.h -> Error: 501: Not implemented

Conexion cerrada


>>Host: localhost,	Direccion IP: 127.0.0.1,	Puerto: 37395,	Protocolo: UDP,	A las: Thu Jan  1 01:00:00 1970

Objeto solicitado: www/ejemplo2.html -> Error: 404: Not found

Conexion cerrada


>>Host: localhost,	Direccion IP: 127.0.0.1,	Puerto: 36607,	Protocolo: UDP,	A las: Thu Jan  1 01:00:00 1970

Objeto solicitado: www/ejemplo3.html -> Error: 404: Not found

Conexion cerrada


>>Host: localhost,	Direccion IP: 127.0.0.1,	Puerto: 57574,	Protocolo: UDP,	A las: Thu Jan  1 01:00:00 1970

Objeto solicitado: www/1.1 -> Error: 501: Not implemented

Conexion cerrada


>>Host: localhost,	Direccion IP: 127.0.0.1,	Puerto: 37395,	Protocolo: UDP,	A las: Thu Jan  1 01:00:00 1970

Objeto solicitado: www/ejemplo3.html -> Error: 404: Not found

Conexion cerrada


>>Host: localhost,	Direccion IP: 127.0.0.1,	Puerto: 40310,	Protocolo: TCP,	A las: Wed Dec  5 21:02:48 2018

Objeto solicitado: www/index.html -> Todo correcto
Objeto solicitado: www/docencia.html -> Error: 404: Not found
Objeto solicitado: www/ejemplo.html -> Error: 404: Not found
Objeto solicitado: www/index.h -> Error: 501: Not implemented
Objeto solicitado: www/1.1 -> Error: 501: Not implemented
Conexion cerrada...

>>Host: localhost,	Direccion IP: 127.0.0.1,	Puerto: 36607,	Protocolo: UDP,	A las: Thu Jan  1 01:00:00 1970

Objeto solicitado: www/ejemplo4.html -> Error: 404: Not found

Conexion cerrada


>>Host: localhost,	Direccion IP: 127.0.0.1,	Puerto: 37395,	Protocolo: UDP,	A las: Thu Jan  1 01:00:00 1970

Objeto solicitado: www/ejemplo4.html -> Error: 404: Not found

Conexion cerrada


>>Host: localhost,	Direccion IP: 127.0.0.1,	Puerto: 36607,	Protocolo: UDP,	A las: Thu Jan  1 01:00:00 1970

Objeto solicitado: www/1.1 -> Error: 501: Not implemented

Conexion cerrada


>>Host: localhost,	Direccion IP: 127.0.0.1,	Puerto: 40308,	Protocolo: TCP,	A las: Wed Dec  5 21:02:48 2018

Objeto solicitado: www/index.html -> Todo correcto
Objeto solicitado: www/docencia.html -> Error: 501: Not implemented
Objeto solicitado: www/ejemplo1.html -> Error: 404: Not found
Objeto solicitado: www/ejemplo2.html -> Error: 501: Not implemented
Objeto solicitado: www/ejemplo3.html -> Error: 404: Not found
Objeto solicitado: www/ejemplo4.html -> Error: 404: Not found
Objeto solicitado: www/1.1 -> Error: 501: Not implemented
Conexion cerrada...

>>Host: localhost,	Direccion IP: 127.0.0.1,	Puerto: 40312,	Protocolo: TCP,	A las: Wed Dec  5 21:02:48 2018

Objeto solicitado: www/index.html -> Error: 501: Not implemented
Objeto solicitado: www/index.html -> Todo correcto
Objeto solicitado: www/docencia.html -> Error: 404: Not found
Objeto solicitado: www/ejemplo1.html -> Error: 404: Not found
Objeto solicitado: www/ejemplo2.html -> Error: 404: Not found
Objeto solicitado: www/ejemplo3.html -> Error: 404: Not found
Objeto solicitado: www/ejemplo4.html -> Error: 404: Not found
Conexion cerrada...

>>Host: localhost,	Direccion IP: 127.0.0.1,	Puerto: 40316,	Protocolo: TCP,	A las: Wed Dec  5 21:04:36 2018

Objeto solicitado: www/index.html -> Todo correcto
Objeto solicitado: www/docencia.html -> Error: 404: Not found
Objeto solicitado: www/ejemplo.html -> Error: 404: Not found
Objeto solicitado: www/index.h -> Error: 501: Not implemented
Objeto solicitado: www/1.1 -> Error: 501: Not implemented
Conexion cerrada...

>>Host: localhost,	Direccion IP: 127.0.0.1,	Puerto: 40352,	Protocolo: UDP,	A las: Thu Jan  1 01:00:00 1970

Objeto solicitado: www/index.html -> Todo correcto

Conexion cerrada


>>Host: localhost,	Direccion IP: 127.0.0.1,	Puerto: 40352,	Protocolo: UDP,	A las: Thu Jan  1 01:00:00 1970

Objeto solicitado: www/docencia.html -> Error: 404: Not found

Conexion cerrada


>>Host: localhost,	Direccion IP: 127.0.0.1,	Puerto: 40352,	Protocolo: UDP,	A las: Thu Jan  1 01:00:00 1970

Objeto solicitado: www/ejemplo.html -> Error: 404: Not found

Conexion cerrada


>>Host: localhost,	Direccion IP: 127.0.0.1,	Puerto: 40352,	Protocolo: UDP,	A las: Thu Jan  1 01:00:00 1970

Objeto solicitado: www/index.h -> Error: 501: Not implemented

Conexion cerrada


>>Host: localhost,	Direccion IP: 127.0.0.1,	Puerto: 40352,	Protocolo: UDP,	A las: Thu Jan  1 01:00:00 1970

Objeto solicitado: www/1.1 -> Error: 501: Not implemented

Conexion cerrada


